TN:
SF:src/db/strategies/mongo.js
FN:11,MongoDB
FN:17,isConnected
FN:27,connect
FN:46,defineModel
FN:65,create
FN:69,read
FN:73,update
FN:77,delete
FNF:8
FNH:8
FNDA:1,MongoDB
FNDA:1,isConnected
FNDA:1,connect
FNDA:1,defineModel
FNDA:3,create
FNDA:2,read
FNDA:1,update
FNDA:1,delete
DA:1,1
DA:2,1
DA:3,1
DA:4,1
DA:5,1
DA:6,1
DA:7,1
DA:8,1
DA:9,1
DA:10,1
DA:11,1
DA:12,1
DA:13,1
DA:14,1
DA:15,1
DA:16,1
DA:17,1
DA:18,1
DA:19,1
DA:20,0
DA:21,0
DA:22,0
DA:23,0
DA:24,0
DA:25,0
DA:26,1
DA:27,1
DA:28,1
DA:29,1
DA:30,1
DA:31,1
DA:32,1
DA:33,0
DA:34,0
DA:35,1
DA:36,1
DA:37,1
DA:38,1
DA:39,1
DA:40,1
DA:41,1
DA:42,1
DA:43,1
DA:44,1
DA:45,1
DA:46,1
DA:47,1
DA:48,1
DA:49,1
DA:50,1
DA:51,1
DA:52,1
DA:53,1
DA:54,1
DA:55,1
DA:56,1
DA:57,1
DA:58,1
DA:59,1
DA:60,1
DA:61,1
DA:62,1
DA:63,1
DA:64,1
DA:65,1
DA:66,3
DA:67,3
DA:68,1
DA:69,1
DA:70,2
DA:71,2
DA:72,1
DA:73,1
DA:74,1
DA:75,1
DA:76,1
DA:77,1
DA:78,1
DA:79,1
DA:80,1
DA:81,1
DA:82,1
LF:82
LH:74
BRDA:11,0,0,1
BRDA:17,1,0,1
BRDA:19,2,0,0
BRDA:27,3,0,1
BRDA:31,4,0,1
BRDA:32,5,0,0
BRDA:41,6,0,1
BRDA:46,7,0,1
BRDA:65,8,0,3
BRDA:69,9,0,2
BRDA:73,10,0,1
BRDA:77,11,0,1
BRF:12
BRH:10
end_of_record
TN:
SF:src/db/strategies/postgres.js
FN:5,Postgres
FN:11,isConnected
FN:21,create
FN:25,read
FN:29,update
FN:33,delete
FN:38,defineModel
FN:67,connect
FNF:8
FNH:8
FNDA:1,Postgres
FNDA:1,isConnected
FNDA:2,create
FNDA:4,read
FNDA:1,update
FNDA:2,delete
FNDA:1,defineModel
FNDA:1,connect
DA:1,1
DA:2,1
DA:3,1
DA:4,1
DA:5,1
DA:6,1
DA:7,1
DA:8,1
DA:9,1
DA:10,1
DA:11,1
DA:12,1
DA:13,1
DA:14,1
DA:15,1
DA:16,0
DA:17,0
DA:18,0
DA:19,1
DA:20,1
DA:21,1
DA:22,2
DA:23,2
DA:24,1
DA:25,1
DA:26,4
DA:27,4
DA:28,1
DA:29,1
DA:30,1
DA:31,1
DA:32,1
DA:33,1
DA:34,2
DA:35,2
DA:36,2
DA:37,1
DA:38,1
DA:39,1
DA:40,1
DA:41,1
DA:42,1
DA:43,1
DA:44,1
DA:45,1
DA:46,1
DA:47,1
DA:48,1
DA:49,1
DA:50,1
DA:51,1
DA:52,1
DA:53,1
DA:54,1
DA:55,1
DA:56,1
DA:57,1
DA:58,1
DA:59,1
DA:60,1
DA:61,1
DA:62,1
DA:63,1
DA:64,1
DA:65,1
DA:66,1
DA:67,1
DA:68,1
DA:69,1
DA:70,1
DA:71,1
DA:72,1
DA:73,1
DA:74,1
DA:75,1
DA:76,1
DA:77,1
DA:78,1
DA:79,1
DA:80,1
DA:81,1
DA:82,1
DA:83,1
DA:84,1
LF:84
LH:81
BRDA:5,0,0,1
BRDA:11,1,0,1
BRDA:15,2,0,0
BRDA:21,3,0,2
BRDA:25,4,0,4
BRDA:29,5,0,1
BRDA:33,6,0,2
BRDA:34,7,0,1
BRDA:34,8,0,1
BRDA:38,9,0,1
BRDA:67,10,0,1
BRF:11
BRH:10
end_of_record
TN:
SF:src/db/strategies/base/contextStrategy.js
FN:4,ContextStrategy
FN:9,create
FN:13,read
FN:17,update
FN:21,delete
FN:25,isConnected
FN:29,connect
FNF:7
FNH:7
FNDA:2,ContextStrategy
FNDA:5,create
FNDA:6,read
FNDA:2,update
FNDA:3,delete
FNDA:2,isConnected
FNDA:2,connect
DA:1,1
DA:2,1
DA:3,1
DA:4,1
DA:5,2
DA:6,2
DA:7,2
DA:8,1
DA:9,1
DA:10,5
DA:11,5
DA:12,1
DA:13,1
DA:14,6
DA:15,6
DA:16,1
DA:17,1
DA:18,2
DA:19,2
DA:20,1
DA:21,1
DA:22,3
DA:23,3
DA:24,1
DA:25,1
DA:26,2
DA:27,2
DA:28,1
DA:29,1
DA:30,2
DA:31,2
DA:32,1
DA:33,1
DA:34,1
LF:34
LH:34
BRDA:4,0,0,2
BRDA:9,1,0,5
BRDA:13,2,0,6
BRDA:17,3,0,2
BRDA:21,4,0,3
BRDA:25,5,0,2
BRDA:29,6,0,2
BRF:7
BRH:7
end_of_record
TN:
SF:src/db/strategies/interfaces/interfaceCrud.js
FN:2,NotImplementedException
FN:8,create
FN:12,read
FN:16,update
FN:20,delete
FN:24,isConnected
FN:28,connect
FNF:7
FNH:0
FNDA:0,NotImplementedException
FNDA:0,create
FNDA:0,read
FNDA:0,update
FNDA:0,delete
FNDA:0,isConnected
FNDA:0,connect
DA:1,1
DA:2,1
DA:3,0
DA:4,0
DA:5,1
DA:6,1
DA:7,1
DA:8,1
DA:9,0
DA:10,0
DA:11,1
DA:12,1
DA:13,0
DA:14,0
DA:15,1
DA:16,1
DA:17,0
DA:18,0
DA:19,1
DA:20,1
DA:21,0
DA:22,0
DA:23,1
DA:24,1
DA:25,0
DA:26,0
DA:27,1
DA:28,1
DA:29,0
DA:30,0
DA:31,1
DA:32,1
DA:33,1
LF:33
LH:19
BRF:0
BRH:0
end_of_record
