TN:
SF:src/api.js
FN:16,getServer
FN:30,mapRoutes
FN:34,main
FN:59,validate
FNF:4
FNH:4
FNDA:2,getServer
FNDA:4,mapRoutes
FNDA:2,main
FNDA:9,validate
DA:1,1
DA:2,1
DA:3,1
DA:4,1
DA:5,1
DA:6,1
DA:7,1
DA:8,1
DA:9,1
DA:10,1
DA:11,1
DA:12,1
DA:13,1
DA:14,1
DA:15,1
DA:16,1
DA:17,2
DA:18,0
DA:19,0
DA:20,0
DA:21,0
DA:22,0
DA:23,0
DA:24,2
DA:25,2
DA:26,2
DA:27,2
DA:28,2
DA:29,1
DA:30,1
DA:31,4
DA:32,4
DA:33,1
DA:34,2
DA:35,2
DA:36,2
DA:37,2
DA:38,2
DA:39,2
DA:40,2
DA:41,2
DA:42,2
DA:43,2
DA:44,2
DA:45,2
DA:46,2
DA:47,2
DA:48,2
DA:49,2
DA:50,2
DA:51,2
DA:52,2
DA:53,2
DA:54,2
DA:55,2
DA:56,2
DA:57,2
DA:58,2
DA:59,2
DA:60,9
DA:61,9
DA:62,9
DA:63,9
DA:64,2
DA:65,2
DA:66,2
DA:67,2
DA:68,2
DA:69,2
DA:70,2
DA:71,2
DA:72,2
DA:73,2
DA:74,2
DA:75,2
DA:76,2
DA:77,2
DA:78,2
DA:79,1
DA:80,1
LF:80
LH:74
BRDA:16,0,0,2
BRDA:17,1,0,0
BRDA:30,2,0,4
BRDA:31,3,0,10
BRDA:34,4,0,2
BRDA:59,5,0,9
BRF:6
BRH:5
end_of_record
TN:
SF:src/db/strategies/base/contextStrategy.js
FN:4,ContextStrategy
FN:9,create
FN:13,read
FN:17,update
FN:21,delete
FN:25,isConnected
FN:29,connect
FNF:7
FNH:6
FNDA:3,ContextStrategy
FNDA:5,create
FNDA:4,read
FNDA:3,update
FNDA:3,delete
FNDA:1,isConnected
FNDA:0,connect
DA:1,1
DA:2,1
DA:3,1
DA:4,1
DA:5,3
DA:6,3
DA:7,3
DA:8,1
DA:9,1
DA:10,5
DA:11,5
DA:12,1
DA:13,1
DA:14,4
DA:15,4
DA:16,1
DA:17,1
DA:18,3
DA:19,3
DA:20,1
DA:21,1
DA:22,3
DA:23,3
DA:24,1
DA:25,1
DA:26,1
DA:27,1
DA:28,1
DA:29,1
DA:30,0
DA:31,0
DA:32,1
DA:33,1
DA:34,1
LF:34
LH:32
BRDA:4,0,0,3
BRDA:9,1,0,5
BRDA:13,2,0,4
BRDA:17,3,0,3
BRDA:21,4,0,3
BRDA:25,5,0,1
BRF:6
BRH:6
end_of_record
TN:
SF:src/db/strategies/interfaces/interfaceCrud.js
FN:2,NotImplementedException
FN:8,create
FN:12,read
FN:16,update
FN:20,delete
FN:24,isConnected
FN:28,connect
FNF:7
FNH:0
FNDA:0,NotImplementedException
FNDA:0,create
FNDA:0,read
FNDA:0,update
FNDA:0,delete
FNDA:0,isConnected
FNDA:0,connect
DA:1,1
DA:2,1
DA:3,0
DA:4,0
DA:5,1
DA:6,1
DA:7,1
DA:8,1
DA:9,0
DA:10,0
DA:11,1
DA:12,1
DA:13,0
DA:14,0
DA:15,1
DA:16,1
DA:17,0
DA:18,0
DA:19,1
DA:20,1
DA:21,0
DA:22,0
DA:23,1
DA:24,1
DA:25,0
DA:26,0
DA:27,1
DA:28,1
DA:29,0
DA:30,0
DA:31,1
DA:32,1
DA:33,1
LF:33
LH:19
BRF:0
BRH:0
end_of_record
TN:
SF:src/db/strategies/mongodb/mongo.js
FN:11,MongoDB
FN:17,isConnected
FN:27,connect
FN:44,defineModel
FN:46,create
FN:50,read
FN:54,update
FN:58,delete
FNF:8
FNH:7
FNDA:3,MongoDB
FNDA:1,isConnected
FNDA:3,connect
FNDA:0,defineModel
FNDA:5,create
FNDA:4,read
FNDA:3,update
FNDA:3,delete
DA:1,1
DA:2,1
DA:3,1
DA:4,1
DA:5,1
DA:6,1
DA:7,1
DA:8,1
DA:9,1
DA:10,1
DA:11,1
DA:12,3
DA:13,3
DA:14,3
DA:15,3
DA:16,1
DA:17,1
DA:18,1
DA:19,1
DA:20,0
DA:21,0
DA:22,0
DA:23,0
DA:24,0
DA:25,0
DA:26,1
DA:27,1
DA:28,3
DA:29,3
DA:30,3
DA:31,3
DA:32,2
DA:33,0
DA:34,0
DA:35,3
DA:36,3
DA:37,3
DA:38,3
DA:39,3
DA:40,3
DA:41,3
DA:42,3
DA:43,1
DA:44,1
DA:45,1
DA:46,1
DA:47,5
DA:48,5
DA:49,1
DA:50,1
DA:51,4
DA:52,4
DA:53,1
DA:54,1
DA:55,3
DA:56,3
DA:57,1
DA:58,1
DA:59,3
DA:60,3
DA:61,1
DA:62,1
DA:63,1
LF:63
LH:55
BRDA:11,0,0,3
BRDA:17,1,0,1
BRDA:19,2,0,0
BRDA:27,3,0,3
BRDA:31,4,0,2
BRDA:32,5,0,0
BRDA:39,6,0,2
BRDA:46,7,0,5
BRDA:50,8,0,4
BRDA:54,9,0,3
BRDA:58,10,0,3
BRF:11
BRH:9
end_of_record
TN:
SF:src/db/strategies/mongodb/schemas/heroesSchema.js
FNF:0
FNH:0
DA:1,1
DA:2,1
DA:3,1
DA:4,1
DA:5,1
DA:6,1
DA:7,1
DA:8,1
DA:9,1
DA:10,1
DA:11,1
DA:12,1
DA:13,1
DA:14,1
DA:15,1
DA:16,1
DA:17,1
DA:18,1
LF:18
LH:18
BRF:0
BRH:0
end_of_record
TN:
SF:src/db/strategies/postgres/postgres.js
FN:5,Postgres
FN:11,isConnected
FN:21,create
FN:25,read
FN:29,update
FN:33,delete
FN:38,defineModel
FN:45,connect
FNF:8
FNH:8
FNDA:1,Postgres
FNDA:1,isConnected
FNDA:2,create
FNDA:4,read
FNDA:1,update
FNDA:2,delete
FNDA:1,defineModel
FNDA:1,connect
DA:1,1
DA:2,1
DA:3,1
DA:4,1
DA:5,1
DA:6,1
DA:7,1
DA:8,1
DA:9,1
DA:10,1
DA:11,1
DA:12,1
DA:13,1
DA:14,1
DA:15,1
DA:16,0
DA:17,0
DA:18,0
DA:19,1
DA:20,1
DA:21,1
DA:22,2
DA:23,2
DA:24,1
DA:25,1
DA:26,4
DA:27,4
DA:28,1
DA:29,1
DA:30,1
DA:31,1
DA:32,1
DA:33,1
DA:34,2
DA:35,2
DA:36,2
DA:37,1
DA:38,1
DA:39,1
DA:40,1
DA:41,1
DA:42,1
DA:43,1
DA:44,1
DA:45,1
DA:46,1
DA:47,1
DA:48,1
DA:49,1
DA:50,1
DA:51,1
DA:52,1
DA:53,1
DA:54,1
DA:55,1
DA:56,1
DA:57,1
DA:58,1
DA:59,1
DA:60,1
DA:61,1
DA:62,1
DA:63,1
LF:63
LH:60
BRDA:5,0,0,1
BRDA:11,1,0,1
BRDA:15,2,0,0
BRDA:21,3,0,2
BRDA:25,4,0,4
BRDA:29,5,0,1
BRDA:33,6,0,2
BRDA:34,7,0,1
BRDA:34,8,0,1
BRDA:38,9,0,1
BRDA:45,10,0,1
BRF:11
BRH:10
end_of_record
TN:
SF:src/db/strategies/postgres/schemas/heroesSchema.js
FNF:0
FNH:0
DA:1,1
DA:2,1
DA:3,1
DA:4,1
DA:5,1
DA:6,1
DA:7,1
DA:8,1
DA:9,1
DA:10,1
DA:11,1
DA:12,1
DA:13,1
DA:14,1
DA:15,1
DA:16,1
DA:17,1
DA:18,1
DA:19,1
DA:20,1
DA:21,1
DA:22,1
DA:23,1
DA:24,1
DA:25,1
DA:26,1
DA:27,1
DA:28,1
LF:28
LH:28
BRF:0
BRH:0
end_of_record
TN:
SF:src/routes/authRoute.js
FN:6,failAction
FN:16,AuthRoutes
FN:21,login
FN:38,handler
FNF:4
FNH:3
FNDA:0,failAction
FNDA:2,AuthRoutes
FNDA:2,login
FNDA:1,handler
DA:1,1
DA:2,1
DA:3,1
DA:4,1
DA:5,1
DA:6,1
DA:7,0
DA:8,0
DA:9,1
DA:10,1
DA:11,1
DA:12,1
DA:13,1
DA:14,1
DA:15,1
DA:16,1
DA:17,2
DA:18,2
DA:19,2
DA:20,1
DA:21,1
DA:22,2
DA:23,2
DA:24,2
DA:25,2
DA:26,2
DA:27,2
DA:28,2
DA:29,2
DA:30,2
DA:31,2
DA:32,2
DA:33,2
DA:34,2
DA:35,2
DA:36,2
DA:37,2
DA:38,2
DA:39,1
DA:40,1
DA:41,1
DA:42,1
DA:43,1
DA:44,1
DA:45,0
DA:46,0
DA:47,1
DA:48,1
DA:49,1
DA:50,1
DA:51,1
DA:52,1
DA:53,1
DA:54,1
DA:55,1
DA:56,1
DA:57,1
DA:58,1
DA:59,1
DA:60,2
DA:61,2
DA:62,1
DA:63,1
DA:64,1
LF:64
LH:60
BRDA:16,0,0,2
BRDA:21,1,0,2
BRDA:38,2,0,1
BRDA:44,3,0,0
BRF:4
BRH:3
end_of_record
TN:
SF:src/routes/heroRoute.js
FN:4,failAction
FN:13,HeroRoute
FN:18,list
FN:36,handler
FN:55,create
FN:72,handler
FN:90,update
FN:110,handler
FN:134,delete
FN:150,handler
FNF:10
FNH:10
FNDA:1,failAction
FNDA:2,HeroRoute
FNDA:2,list
FNDA:2,handler
FNDA:2,create
FNDA:2,handler
FNDA:2,update
FNDA:2,handler
FNDA:2,delete
FNDA:2,handler
DA:1,1
DA:2,1
DA:3,1
DA:4,1
DA:5,1
DA:6,1
DA:7,1
DA:8,1
DA:9,1
DA:10,1
DA:11,1
DA:12,1
DA:13,1
DA:14,2
DA:15,2
DA:16,2
DA:17,1
DA:18,1
DA:19,2
DA:20,2
DA:21,2
DA:22,2
DA:23,2
DA:24,2
DA:25,2
DA:26,2
DA:27,2
DA:28,2
DA:29,2
DA:30,2
DA:31,2
DA:32,2
DA:33,2
DA:34,2
DA:35,2
DA:36,2
DA:37,2
DA:38,2
DA:39,2
DA:40,2
DA:41,2
DA:42,2
DA:43,2
DA:44,2
DA:45,2
DA:46,2
DA:47,2
DA:48,0
DA:49,0
DA:50,0
DA:51,2
DA:52,2
DA:53,2
DA:54,1
DA:55,1
DA:56,2
DA:57,2
DA:58,2
DA:59,2
DA:60,2
DA:61,2
DA:62,2
DA:63,2
DA:64,2
DA:65,2
DA:66,2
DA:67,2
DA:68,2
DA:69,2
DA:70,2
DA:71,2
DA:72,2
DA:73,2
DA:74,2
DA:75,2
DA:76,2
DA:77,2
DA:78,2
DA:79,2
DA:80,2
DA:81,2
DA:82,2
DA:83,0
DA:84,0
DA:85,0
DA:86,2
DA:87,2
DA:88,2
DA:89,1
DA:90,1
DA:91,2
DA:92,2
DA:93,2
DA:94,2
DA:95,2
DA:96,2
DA:97,2
DA:98,2
DA:99,2
DA:100,2
DA:101,2
DA:102,2
DA:103,2
DA:104,2
DA:105,2
DA:106,2
DA:107,2
DA:108,2
DA:109,2
DA:110,2
DA:111,2
DA:112,2
DA:113,2
DA:114,2
DA:115,2
DA:116,2
DA:117,2
DA:118,2
DA:119,1
DA:120,1
DA:121,2
DA:122,1
DA:123,1
DA:124,1
DA:125,1
DA:126,1
DA:127,1
DA:128,1
DA:129,1
DA:130,2
DA:131,2
DA:132,2
DA:133,1
DA:134,1
DA:135,2
DA:136,2
DA:137,2
DA:138,2
DA:139,2
DA:140,2
DA:141,2
DA:142,2
DA:143,2
DA:144,2
DA:145,2
DA:146,2
DA:147,2
DA:148,2
DA:149,2
DA:150,2
DA:151,2
DA:152,2
DA:153,2
DA:154,1
DA:155,1
DA:156,2
DA:157,1
DA:158,1
DA:159,1
DA:160,1
DA:161,1
DA:162,1
DA:163,1
DA:164,1
DA:165,2
DA:166,2
DA:167,2
DA:168,1
DA:169,1
DA:170,1
LF:170
LH:164
BRDA:4,0,0,1
BRDA:13,1,0,2
BRDA:18,2,0,2
BRDA:36,3,0,2
BRDA:46,4,0,0
BRDA:47,5,0,0
BRDA:55,6,0,2
BRDA:72,7,0,2
BRDA:82,8,0,0
BRDA:90,9,0,2
BRDA:110,10,0,2
BRDA:118,11,0,1
BRDA:121,12,0,0
BRDA:121,13,0,1
BRDA:134,14,0,2
BRDA:150,15,0,2
BRDA:153,16,0,1
BRDA:156,17,0,0
BRDA:156,18,0,1
BRF:19
BRH:14
end_of_record
TN:
SF:src/routes/base/baseRoute.js
FN:2,methods
FNF:1
FNH:1
FNDA:4,methods
DA:1,1
DA:2,1
DA:3,4
DA:4,4
DA:5,4
DA:6,4
DA:7,1
DA:8,1
DA:9,1
LF:9
LH:9
BRDA:2,0,0,4
BRDA:4,1,0,14
BRDA:4,2,0,10
BRF:3
BRH:3
end_of_record
